0 info it worked if it ends with ok
1 verbose cli [ 'C:\\Program Files\\nodejs\\node.exe',
1 verbose cli   'C:\\Program Files\\nodejs\\node_modules\\npm\\bin\\npm-cli.js',
1 verbose cli   'run',
1 verbose cli   'dev',
1 verbose cli   '--scripts-prepend-node-path' ]
2 info using npm@3.10.10
3 info using node@v6.10.1
4 verbose run-script [ 'predev', 'dev', 'postdev' ]
5 info lifecycle myreact@1.0.0~predev: myreact@1.0.0
6 silly lifecycle myreact@1.0.0~predev: no script for predev, continuing
7 info lifecycle myreact@1.0.0~dev: myreact@1.0.0
8 verbose lifecycle myreact@1.0.0~dev: unsafe-perm in lifecycle true
9 verbose lifecycle myreact@1.0.0~dev: PATH: C:\Users\Administrator\AppData\Roaming\nvm\v6.10.1\node_modules\npm\bin\node-gyp-bin;C:\Users\Administrator\Desktop\react\myreact\node_modules\.bin;C:\ProgramData\Oracle\Java\javapath;C:\Windows\system32;C:\Windows;C:\Windows\System32\Wbem;C:\Windows\System32\WindowsPowerShell\v1.0\;C:\Program Files\TortoiseSVN\bin;D:\Git\cmd;E:\weex;C:\Program Files (x86)\Yarn\bin;C:\Users\Administrator\AppData\Local\atom\bin;D:\Microsoft VS Code\bin;C:\Users\Administrator\AppData\Roaming\npm;C:\Users\Administrator\AppData\Local\Yarn\bin;C:\Users\Administrator\AppData\Local\Android\Sdk;C:\Users\Administrator\AppData\Roaming\nvm;C:\Program Files\nodejs;C:\User\Administrator\AppData\Roaming\npm;C:\Program Files\Java\jdk-9.0.4\bin;C:\User\Administrator\AppData\Roaming\npm\node_modules\webpack\bin;C:\Users\Administrator\AppData\Local\atom\bin;D:\Microsoft VS Code\bin;C:\Users\Administrator\AppData\Local\Yarn\bin;C:\Users\Administrator\AppData\Local\Android\Sdk\tools;C:\Users\Administrator\AppData\Local\Android\Sdk\platform-tools;C:\Users\Administrator\AppData\Roaming\nvm;C:\Program Files\nodejs;C:\User\Administrator\AppData\Roaming\npm;C:\Program Files\Java\jdk-9.0.4\bin
10 verbose lifecycle myreact@1.0.0~dev: CWD: C:\Users\Administrator\Desktop\react\myreact
11 silly lifecycle myreact@1.0.0~dev: Args: [ '/d /s /c', 'webpack-dev-server' ]
12 silly lifecycle myreact@1.0.0~dev: Returned: code: 1  signal: null
13 info lifecycle myreact@1.0.0~dev: Failed to exec dev script
14 verbose stack Error: myreact@1.0.0 dev: `webpack-dev-server`
14 verbose stack Exit status 1
14 verbose stack     at EventEmitter.<anonymous> (C:\Users\Administrator\AppData\Roaming\nvm\v6.10.1\node_modules\npm\lib\utils\lifecycle.js:255:16)
14 verbose stack     at emitTwo (events.js:106:13)
14 verbose stack     at EventEmitter.emit (events.js:191:7)
14 verbose stack     at ChildProcess.<anonymous> (C:\Users\Administrator\AppData\Roaming\nvm\v6.10.1\node_modules\npm\lib\utils\spawn.js:40:14)
14 verbose stack     at emitTwo (events.js:106:13)
14 verbose stack     at ChildProcess.emit (events.js:191:7)
14 verbose stack     at maybeClose (internal/child_process.js:886:16)
14 verbose stack     at Process.ChildProcess._handle.onexit (internal/child_process.js:226:5)
15 verbose pkgid myreact@1.0.0
16 verbose cwd C:\Users\Administrator\Desktop\react\myreact
17 error Windows_NT 6.1.7601
18 error argv "C:\\Program Files\\nodejs\\node.exe" "C:\\Program Files\\nodejs\\node_modules\\npm\\bin\\npm-cli.js" "run" "dev" "--scripts-prepend-node-path"
19 error node v6.10.1
20 error npm  v3.10.10
21 error code ELIFECYCLE
22 error myreact@1.0.0 dev: `webpack-dev-server`
22 error Exit status 1
23 error Failed at the myreact@1.0.0 dev script 'webpack-dev-server'.
23 error Make sure you have the latest version of node.js and npm installed.
23 error If you do, this is most likely a problem with the myreact package,
23 error not with npm itself.
23 error Tell the author that this fails on your system:
23 error     webpack-dev-server
23 error You can get information on how to open an issue for this project with:
23 error     npm bugs myreact
23 error Or if that isn't available, you can get their info via:
23 error     npm owner ls myreact
23 error There is likely additional logging output above.
24 verbose exit [ 1, true ]
